<?xml version="1.0" encoding="UTF-8"?>
<!-- Generated by org.testng.reporters.JUnitXMLReporter -->
<testsuite hostname="DESKTOP-QS8IMHF" ignored="1" name="validateZohoSignUpPageTitle" tests="1" failures="1" timestamp="24 Aug 2019 12:39:52 GMT" time="36.022" errors="0">
  <testcase name="validateZohoSignUpPageTitle" time="2.829" classname="com.zohosignuptespapge.suitepack.ZohoSignUpTestPage">
    <failure type="java.lang.AssertionError" message="expected [Sales CRM System | Best CRM Software for SMBs - Zoho CRM Indi] but found [Sales CRM System | Best CRM Software for SMBs - Zoho CRM India]">
      <![CDATA[java.lang.AssertionError: expected [Sales CRM System | Best CRM Software for SMBs - Zoho CRM Indi] but found [Sales CRM System | Best CRM Software for SMBs - Zoho CRM India]
	at zoho.classpages.ZohoSignUpClassPage.verifySignUpPageTitle(ZohoSignUpClassPage.java:33)
	at com.zohosignuptespapge.suitepack.ZohoSignUpTestPage.validateZohoSignUpPageTitle(ZohoSignUpTestPage.java:28)
... Removed 31 stack frames]]>
    </failure>
  </testcase> <!-- validateZohoSignUpPageTitle -->
  <testcase name="clickOnSignInBtn" time="0.0" classname="com.zohosignuptespapge.suitepack.ZohoSignUpTestPage">
    <ignored/>
  </testcase> <!-- clickOnSignInBtn -->
</testsuite> <!-- validateZohoSignUpPageTitle -->
