<?xml version="1.0" encoding="UTF-8"?>
<testng-results skipped="0" failed="0" ignored="0" total="2" passed="2">
  <reporter-output>
  </reporter-output>
  <suite name="Default suite" duration-ms="2814" started-at="2019-08-24T12:55:14Z" finished-at="2019-08-24T12:55:17Z">
    <groups>
    </groups>
    <test name="Default test" duration-ms="2814" started-at="2019-08-24T12:55:14Z" finished-at="2019-08-24T12:55:17Z">
      <class name="rough.Rough">
        <test-method status="PASS" signature="setUp()[pri:0, instance:rough.Rough@6a4f787b]" name="setUp" is-config="true" duration-ms="24" started-at="2019-08-24T18:25:14Z" finished-at="2019-08-24T18:25:14Z">
          <reporter-output>
          </reporter-output>
        </test-method> <!-- setUp -->
        <test-method status="PASS" signature="launch(java.lang.String, java.lang.String)[pri:0, instance:rough.Rough@6a4f787b]" name="launch" duration-ms="7" started-at="2019-08-24T18:25:16Z" data-provider="LoginFB" finished-at="2019-08-24T18:25:17Z">
          <params>
            <param index="0">
              <value>
                <![CDATA[test123]]>
              </value>
            </param>
            <param index="1">
              <value>
                <![CDATA[********]]>
              </value>
            </param>
          </params>
          <reporter-output>
          </reporter-output>
        </test-method> <!-- launch -->
        <test-method status="PASS" signature="initalization()[pri:0, instance:rough.Rough@6a4f787b]" name="initalization" is-config="true" duration-ms="0" started-at="2019-08-24T18:25:16Z" finished-at="2019-08-24T18:25:16Z">
          <reporter-output>
          </reporter-output>
        </test-method> <!-- initalization -->
        <test-method status="PASS" signature="quit()[pri:0, instance:rough.Rough@6a4f787b]" name="quit" is-config="true" duration-ms="0" started-at="2019-08-24T18:25:17Z" finished-at="2019-08-24T18:25:17Z">
          <reporter-output>
          </reporter-output>
        </test-method> <!-- quit -->
        <test-method status="PASS" signature="initalization()[pri:0, instance:rough.Rough@6a4f787b]" name="initalization" is-config="true" duration-ms="0" started-at="2019-08-24T18:25:17Z" finished-at="2019-08-24T18:25:17Z">
          <reporter-output>
          </reporter-output>
        </test-method> <!-- initalization -->
        <test-method status="PASS" signature="launch(java.lang.String, java.lang.String)[pri:0, instance:rough.Rough@6a4f787b]" name="launch" duration-ms="5" started-at="2019-08-24T18:25:17Z" data-provider="LoginFB" finished-at="2019-08-24T18:25:17Z">
          <params>
            <param index="0">
              <value>
                <![CDATA[tes456]]>
              </value>
            </param>
            <param index="1">
              <value>
                <![CDATA[********]]>
              </value>
            </param>
          </params>
          <reporter-output>
          </reporter-output>
        </test-method> <!-- launch -->
        <test-method status="PASS" signature="quit()[pri:0, instance:rough.Rough@6a4f787b]" name="quit" is-config="true" duration-ms="0" started-at="2019-08-24T18:25:17Z" finished-at="2019-08-24T18:25:17Z">
          <reporter-output>
          </reporter-output>
        </test-method> <!-- quit -->
      </class> <!-- rough.Rough -->
    </test> <!-- Default test -->
  </suite> <!-- Default suite -->
</testng-results>
